# JRE version: OpenJDK Runtime Environment (8.0_202-b03) (build 1.8.0_202-release-1483-b03)
# Java VM: OpenJDK 64-Bit Server VM (25.202-b03 mixed mode windows-amd64 compressed oops)
Heap:
 PSYoungGen      total 135168K, used 45789K [0x00000000e0000000, 0x00000000ea380000, 0x0000000100000000)
  eden space 104960K, 14% used [0x00000000e0000000,0x00000000e0f3c340,0x00000000e6680000)
  from space 30208K, 99% used [0x00000000e6680000,0x00000000e83fb3b0,0x00000000e8400000)
  to   space 25088K, 0% used [0x00000000e8400000,0x00000000e8400000,0x00000000e9c80000)
 ParOldGen       total 98816K, used 55356K [0x00000000a0000000, 0x00000000a6080000, 0x00000000e0000000)
  object space 98816K, 56% used [0x00000000a0000000,0x00000000a360f358,0x00000000a6080000)
 Metaspace       used 84763K, capacity 87718K, committed 87896K, reserved 1126400K
  class space    used 10736K, capacity 11386K, committed 11392K, reserved 1048576K
GC Heap History (10 events):
Event: 5877.435 GC heap before
{Heap before GC invocations=20 (full 3):
 PSYoungGen      total 129024K, used 128601K [0x00000000e0000000, 0x00000000e9b80000, 0x0000000100000000)
  eden space 120832K, 100% used [0x00000000e0000000,0x00000000e7600000,0x00000000e7600000)
  from space 8192K, 94% used [0x00000000e9380000,0x00000000e9b16790,0x00000000e9b80000)
  to   space 17408K, 0% used [0x00000000e7980000,0x00000000e7980000,0x00000000e8a80000)
 ParOldGen       total 98816K, used 32557K [0x00000000a0000000, 0x00000000a6080000, 0x00000000e0000000)
  object space 98816K, 32% used [0x00000000a0000000,0x00000000a1fcb558,0x00000000a6080000)
 Metaspace       used 64963K, capacity 66940K, committed 67160K, reserved 1107968K
  class space    used 8451K, capacity 8967K, committed 9088K, reserved 1048576K
Event: 5877.488 GC heap after
Heap after GC invocations=20 (full 3):
 PSYoungGen      total 130048K, used 12740K [0x00000000e0000000, 0x00000000e9480000, 0x0000000100000000)
  eden space 117248K, 0% used [0x00000000e0000000,0x00000000e0000000,0x00000000e7280000)
  from space 12800K, 99% used [0x00000000e7980000,0x00000000e85f1030,0x00000000e8600000)
  to   space 14848K, 0% used [0x00000000e8600000,0x00000000e8600000,0x00000000e9480000)
 ParOldGen       total 98816K, used 32565K [0x00000000a0000000, 0x00000000a6080000, 0x00000000e0000000)
  object space 98816K, 32% used [0x00000000a0000000,0x00000000a1fcd558,0x00000000a6080000)
 Metaspace       used 64963K, capacity 66940K, committed 67160K, reserved 1107968K
  class space    used 8451K, capacity 8967K, committed 9088K, reserved 1048576K
}
Event: 5890.674 GC heap before
{Heap before GC invocations=21 (full 3):
 PSYoungGen      total 130048K, used 129988K [0x00000000e0000000, 0x00000000e9480000, 0x0000000100000000)
  eden space 117248K, 100% used [0x00000000e0000000,0x00000000e7280000,0x00000000e7280000)
  from space 12800K, 99% used [0x00000000e7980000,0x00000000e85f1030,0x00000000e8600000)
  to   space 14848K, 0% used [0x00000000e8600000,0x00000000e8600000,0x00000000e9480000)
 ParOldGen       total 98816K, used 32565K [0x00000000a0000000, 0x00000000a6080000, 0x00000000e0000000)
  object space 98816K, 32% used [0x00000000a0000000,0x00000000a1fcd558,0x00000000a6080000)
 Metaspace       used 69259K, capacity 71412K, committed 71768K, reserved 1112064K
  class space    used 8932K, capacity 9481K, committed 9600K, reserved 1048576K
Event: 5890.686 GC heap after
Heap after GC invocations=21 (full 3):
 PSYoungGen      total 128512K, used 14844K [0x00000000e0000000, 0x00000000e9600000, 0x0000000100000000)
  eden space 113664K, 0% used [0x00000000e0000000,0x00000000e0000000,0x00000000e6f00000)
  from space 14848K, 99% used [0x00000000e8600000,0x00000000e947f330,0x00000000e9480000)
  to   space 19968K, 0% used [0x00000000e6f00000,0x00000000e6f00000,0x00000000e8280000)
 ParOldGen       total 98816K, used 36143K [0x00000000a0000000, 0x00000000a6080000, 0x00000000e0000000)
  object space 98816K, 36% used [0x00000000a0000000,0x00000000a234bde8,0x00000000a6080000)
 Metaspace       used 69259K, capacity 71412K, committed 71768K, reserved 1112064K
  class space    used 8932K, capacity 9481K, committed 9600K, reserved 1048576K
}
Event: 5927.967 GC heap before
{Heap before GC invocations=22 (full 3):
 PSYoungGen      total 128512K, used 128508K [0x00000000e0000000, 0x00000000e9600000, 0x0000000100000000)
  eden space 113664K, 100% used [0x00000000e0000000,0x00000000e6f00000,0x00000000e6f00000)
  from space 14848K, 99% used [0x00000000e8600000,0x00000000e947f330,0x00000000e9480000)
  to   space 19968K, 0% used [0x00000000e6f00000,0x00000000e6f00000,0x00000000e8280000)
 ParOldGen       total 98816K, used 36143K [0x00000000a0000000, 0x00000000a6080000, 0x00000000e0000000)
  object space 98816K, 36% used [0x00000000a0000000,0x00000000a234bde8,0x00000000a6080000)
 Metaspace       used 74704K, capacity 76830K, committed 76888K, reserved 1116160K
  class space    used 9576K, capacity 10108K, committed 10112K, reserved 1048576K
Event: 5927.984 GC heap after
Heap after GC invocations=22 (full 3):
 PSYoungGen      total 130048K, used 19954K [0x00000000e0000000, 0x00000000e9c80000, 0x0000000100000000)
  eden space 110080K, 0% used [0x00000000e0000000,0x00000000e0000000,0x00000000e6b80000)
  from space 19968K, 99% used [0x00000000e6f00000,0x00000000e827c9c8,0x00000000e8280000)
  to   space 25088K, 0% used [0x00000000e8400000,0x00000000e8400000,0x00000000e9c80000)
 ParOldGen       total 98816K, used 44208K [0x00000000a0000000, 0x00000000a6080000, 0x00000000e0000000)
  object space 98816K, 44% used [0x00000000a0000000,0x00000000a2b2c378,0x00000000a6080000)
 Metaspace       used 74704K, capacity 76830K, committed 76888K, reserved 1116160K
  class space    used 9576K, capacity 10108K, committed 10112K, reserved 1048576K
}
Event: 5932.306 GC heap before
{Heap before GC invocations=23 (full 3):
 PSYoungGen      total 130048K, used 130034K [0x00000000e0000000, 0x00000000e9c80000, 0x0000000100000000)
  eden space 110080K, 100% used [0x00000000e0000000,0x00000000e6b80000,0x00000000e6b80000)
  from space 19968K, 99% used [0x00000000e6f00000,0x00000000e827c9c8,0x00000000e8280000)
  to   space 25088K, 0% used [0x00000000e8400000,0x00000000e8400000,0x00000000e9c80000)
 ParOldGen       total 98816K, used 44208K [0x00000000a0000000, 0x00000000a6080000, 0x00000000e0000000)
  object space 98816K, 44% used [0x00000000a0000000,0x00000000a2b2c378,0x00000000a6080000)
 Metaspace       used 76744K, capacity 78884K, committed 79064K, reserved 1118208K
  class space    used 9690K, capacity 10237K, committed 10240K, reserved 1048576K
Event: 5932.336 GC heap after
Heap after GC invocations=23 (full 3):
 PSYoungGen      total 130048K, used 25087K [0x00000000e0000000, 0x00000000ea380000, 0x0000000100000000)
  eden space 104960K, 0% used [0x00000000e0000000,0x00000000e0000000,0x00000000e6680000)
  from space 25088K, 99% used [0x00000000e8400000,0x00000000e9c7ff98,0x00000000e9c80000)
  to   space 30208K, 0% used [0x00000000e6680000,0x00000000e6680000,0x00000000e8400000)
 ParOldGen       total 98816K, used 48970K [0x00000000a0000000, 0x00000000a6080000, 0x00000000e0000000)
  object space 98816K, 49% used [0x00000000a0000000,0x00000000a2fd2b58,0x00000000a6080000)
 Metaspace       used 76744K, capacity 78884K, committed 79064K, reserved 1118208K
  class space    used 9690K, capacity 10237K, committed 10240K, reserved 1048576K
}
Event: 5940.490 GC heap before
{Heap before GC invocations=24 (full 3):
 PSYoungGen      total 130048K, used 130047K [0x00000000e0000000, 0x00000000ea380000, 0x0000000100000000)
  eden space 104960K, 100% used [0x00000000e0000000,0x00000000e6680000,0x00000000e6680000)
  from space 25088K, 99% used [0x00000000e8400000,0x00000000e9c7ff98,0x00000000e9c80000)
  to   space 30208K, 0% used [0x00000000e6680000,0x00000000e6680000,0x00000000e8400000)
 ParOldGen       total 98816K, used 48970K [0x00000000a0000000, 0x00000000a6080000, 0x00000000e0000000)
  object space 98816K, 49% used [0x00000000a0000000,0x00000000a2fd2b58,0x00000000a6080000)
 Metaspace       used 84538K, capacity 87520K, committed 87640K, reserved 1126400K
  class space    used 10732K, capacity 11385K, committed 11392K, reserved 1048576K
Event: 5940.508 GC heap after
Heap after GC invocations=24 (full 3):
 PSYoungGen      total 135168K, used 30188K [0x00000000e0000000, 0x00000000ea380000, 0x0000000100000000)
  eden space 104960K, 0% used [0x00000000e0000000,0x00000000e0000000,0x00000000e6680000)
  from space 30208K, 99% used [0x00000000e6680000,0x00000000e83fb3b0,0x00000000e8400000)
  to   space 25088K, 0% used [0x00000000e8400000,0x00000000e8400000,0x00000000e9c80000)
 ParOldGen       total 98816K, used 55356K [0x00000000a0000000, 0x00000000a6080000, 0x00000000e0000000)
  object space 98816K, 56% used [0x00000000a0000000,0x00000000a360f358,0x00000000a6080000)
 Metaspace       used 84538K, capacity 87520K, committed 87640K, reserved 1126400K
  class space    used 10732K, capacity 11385K, committed 11392K, reserved 1048576K
}

